<?xml version="1.0" encoding="UTF-8"?>
<!-- Generated by org.testng.reporters.JUnitReportReporter -->
<testsuite hostname="DESKTOP-M36IUEP" failures="0" tests="1" name="automationPractice.validation" time="7.811" errors="0" timestamp="2023-07-05T14:54:38 IST" skipped="0">
  <testcase classname="automationPractice.validation" name="validlogin" time="7.811"/>
</testsuite> <!-- automationPractice.validation -->
