<?xml version="1.0" encoding="UTF-8"?>
<!-- Generated by org.testng.reporters.JUnitReportReporter -->
<testsuite hostname="DESKTOP-M36IUEP" failures="0" tests="1" name="automationPractice.swaglabbycssselector" time="9.100" errors="0" timestamp="2023-07-08T21:10:21 IST" skipped="0">
  <testcase classname="automationPractice.swaglabbycssselector" name="validlogin" time="9.100"/>
</testsuite> <!-- automationPractice.swaglabbycssselector -->
